<?xml version="1.0" encoding="UTF-8"?>
<testsuites>
  <testsuite name="CLI Arguments" tests="35" assertions="129" errors="0" failures="0" skipped="0" time="0.023441">
    <testsuite name="Redoy\CoreModule\Tests\Unit\JsonDrivenResponseHelperTest" file="/home/redoy/Documents/EnterpriseApp/packages/Redoy/CoreModule/tests/Unit/JsonDrivenResponseHelperTest.php" tests="1" assertions="72" errors="0" failures="0" skipped="0" time="0.013164">
      <testcase name="testJsonDrivenCases" file="/home/redoy/Documents/EnterpriseApp/packages/Redoy/CoreModule/tests/Unit/JsonDrivenResponseHelperTest.php" line="35" class="Redoy\CoreModule\Tests\Unit\JsonDrivenResponseHelperTest" classname="Redoy.CoreModule.Tests.Unit.JsonDrivenResponseHelperTest" assertions="72" time="0.013164"/>
    </testsuite>
    <testsuite name="Redoy\CoreModule\Tests\Unit\ResponseHelperTraitTest" file="/home/redoy/Documents/EnterpriseApp/packages/Redoy/CoreModule/tests/Unit/ResponseHelperTraitTest.php" tests="34" assertions="57" errors="0" failures="0" skipped="0" time="0.010277">
      <testcase name="test_trait_has_success_response_method" file="/home/redoy/Documents/EnterpriseApp/packages/Redoy/CoreModule/tests/Unit/ResponseHelperTraitTest.php" line="23" class="Redoy\CoreModule\Tests\Unit\ResponseHelperTraitTest" classname="Redoy.CoreModule.Tests.Unit.ResponseHelperTraitTest" assertions="1" time="0.000701"/>
      <testcase name="test_trait_has_error_response_method" file="/home/redoy/Documents/EnterpriseApp/packages/Redoy/CoreModule/tests/Unit/ResponseHelperTraitTest.php" line="29" class="Redoy\CoreModule\Tests\Unit\ResponseHelperTraitTest" classname="Redoy.CoreModule.Tests.Unit.ResponseHelperTraitTest" assertions="1" time="0.000287"/>
      <testcase name="test_api_codes_ok_equals_200" file="/home/redoy/Documents/EnterpriseApp/packages/Redoy/CoreModule/tests/Unit/ResponseHelperTraitTest.php" line="35" class="Redoy\CoreModule\Tests\Unit\ResponseHelperTraitTest" classname="Redoy.CoreModule.Tests.Unit.ResponseHelperTraitTest" assertions="1" time="0.001045"/>
      <testcase name="test_api_codes_bad_request_equals_400" file="/home/redoy/Documents/EnterpriseApp/packages/Redoy/CoreModule/tests/Unit/ResponseHelperTraitTest.php" line="40" class="Redoy\CoreModule\Tests\Unit\ResponseHelperTraitTest" classname="Redoy.CoreModule.Tests.Unit.ResponseHelperTraitTest" assertions="1" time="0.000224"/>
      <testcase name="test_api_codes_created_equals_201" file="/home/redoy/Documents/EnterpriseApp/packages/Redoy/CoreModule/tests/Unit/ResponseHelperTraitTest.php" line="45" class="Redoy\CoreModule\Tests\Unit\ResponseHelperTraitTest" classname="Redoy.CoreModule.Tests.Unit.ResponseHelperTraitTest" assertions="1" time="0.000243"/>
      <testcase name="test_api_codes_unauthorized_equals_401" file="/home/redoy/Documents/EnterpriseApp/packages/Redoy/CoreModule/tests/Unit/ResponseHelperTraitTest.php" line="50" class="Redoy\CoreModule\Tests\Unit\ResponseHelperTraitTest" classname="Redoy.CoreModule.Tests.Unit.ResponseHelperTraitTest" assertions="1" time="0.000182"/>
      <testcase name="test_api_codes_forbidden_equals_403" file="/home/redoy/Documents/EnterpriseApp/packages/Redoy/CoreModule/tests/Unit/ResponseHelperTraitTest.php" line="55" class="Redoy\CoreModule\Tests\Unit\ResponseHelperTraitTest" classname="Redoy.CoreModule.Tests.Unit.ResponseHelperTraitTest" assertions="1" time="0.000171"/>
      <testcase name="test_api_codes_not_found_equals_404" file="/home/redoy/Documents/EnterpriseApp/packages/Redoy/CoreModule/tests/Unit/ResponseHelperTraitTest.php" line="60" class="Redoy\CoreModule\Tests\Unit\ResponseHelperTraitTest" classname="Redoy.CoreModule.Tests.Unit.ResponseHelperTraitTest" assertions="1" time="0.000192"/>
      <testcase name="test_api_codes_internal_server_error_equals_500" file="/home/redoy/Documents/EnterpriseApp/packages/Redoy/CoreModule/tests/Unit/ResponseHelperTraitTest.php" line="65" class="Redoy\CoreModule\Tests\Unit\ResponseHelperTraitTest" classname="Redoy.CoreModule.Tests.Unit.ResponseHelperTraitTest" assertions="1" time="0.000232"/>
      <testcase name="test_api_codes_service_unavailable_equals_503" file="/home/redoy/Documents/EnterpriseApp/packages/Redoy/CoreModule/tests/Unit/ResponseHelperTraitTest.php" line="70" class="Redoy\CoreModule\Tests\Unit\ResponseHelperTraitTest" classname="Redoy.CoreModule.Tests.Unit.ResponseHelperTraitTest" assertions="1" time="0.000199"/>
      <testcase name="test_api_codes_unprocessable_entity_equals_422" file="/home/redoy/Documents/EnterpriseApp/packages/Redoy/CoreModule/tests/Unit/ResponseHelperTraitTest.php" line="75" class="Redoy\CoreModule\Tests\Unit\ResponseHelperTraitTest" classname="Redoy.CoreModule.Tests.Unit.ResponseHelperTraitTest" assertions="1" time="0.000173"/>
      <testcase name="test_json_user_data_decodes_correctly" file="/home/redoy/Documents/EnterpriseApp/packages/Redoy/CoreModule/tests/Unit/ResponseHelperTraitTest.php" line="80" class="Redoy\CoreModule\Tests\Unit\ResponseHelperTraitTest" classname="Redoy.CoreModule.Tests.Unit.ResponseHelperTraitTest" assertions="3" time="0.000669"/>
      <testcase name="test_json_product_data_decodes_correctly" file="/home/redoy/Documents/EnterpriseApp/packages/Redoy/CoreModule/tests/Unit/ResponseHelperTraitTest.php" line="88" class="Redoy\CoreModule\Tests\Unit\ResponseHelperTraitTest" classname="Redoy.CoreModule.Tests.Unit.ResponseHelperTraitTest" assertions="3" time="0.000235"/>
      <testcase name="test_json_order_with_nested_items_decodes_correctly" file="/home/redoy/Documents/EnterpriseApp/packages/Redoy/CoreModule/tests/Unit/ResponseHelperTraitTest.php" line="96" class="Redoy\CoreModule\Tests\Unit\ResponseHelperTraitTest" classname="Redoy.CoreModule.Tests.Unit.ResponseHelperTraitTest" assertions="4" time="0.000630"/>
      <testcase name="test_json_error_data_decodes_correctly" file="/home/redoy/Documents/EnterpriseApp/packages/Redoy/CoreModule/tests/Unit/ResponseHelperTraitTest.php" line="105" class="Redoy\CoreModule\Tests\Unit\ResponseHelperTraitTest" classname="Redoy.CoreModule.Tests.Unit.ResponseHelperTraitTest" assertions="3" time="0.000249"/>
      <testcase name="test_json_user_list_array_decodes_correctly" file="/home/redoy/Documents/EnterpriseApp/packages/Redoy/CoreModule/tests/Unit/ResponseHelperTraitTest.php" line="113" class="Redoy\CoreModule\Tests\Unit\ResponseHelperTraitTest" classname="Redoy.CoreModule.Tests.Unit.ResponseHelperTraitTest" assertions="3" time="0.000303"/>
      <testcase name="test_json_transaction_data_decodes_correctly" file="/home/redoy/Documents/EnterpriseApp/packages/Redoy/CoreModule/tests/Unit/ResponseHelperTraitTest.php" line="121" class="Redoy\CoreModule\Tests\Unit\ResponseHelperTraitTest" classname="Redoy.CoreModule.Tests.Unit.ResponseHelperTraitTest" assertions="3" time="0.000265"/>
      <testcase name="test_success_response_returns_response_object" file="/home/redoy/Documents/EnterpriseApp/packages/Redoy/CoreModule/tests/Unit/ResponseHelperTraitTest.php" line="129" class="Redoy\CoreModule\Tests\Unit\ResponseHelperTraitTest" classname="Redoy.CoreModule.Tests.Unit.ResponseHelperTraitTest" assertions="1" time="0.000409"/>
      <testcase name="test_error_response_returns_response_object" file="/home/redoy/Documents/EnterpriseApp/packages/Redoy/CoreModule/tests/Unit/ResponseHelperTraitTest.php" line="140" class="Redoy\CoreModule\Tests\Unit\ResponseHelperTraitTest" classname="Redoy.CoreModule.Tests.Unit.ResponseHelperTraitTest" assertions="1" time="0.000377"/>
      <testcase name="test_api_codes_accepted_equals_202" file="/home/redoy/Documents/EnterpriseApp/packages/Redoy/CoreModule/tests/Unit/ResponseHelperTraitTest.php" line="151" class="Redoy\CoreModule\Tests\Unit\ResponseHelperTraitTest" classname="Redoy.CoreModule.Tests.Unit.ResponseHelperTraitTest" assertions="1" time="0.000250"/>
      <testcase name="test_api_codes_no_content_equals_204" file="/home/redoy/Documents/EnterpriseApp/packages/Redoy/CoreModule/tests/Unit/ResponseHelperTraitTest.php" line="156" class="Redoy\CoreModule\Tests\Unit\ResponseHelperTraitTest" classname="Redoy.CoreModule.Tests.Unit.ResponseHelperTraitTest" assertions="1" time="0.000173"/>
      <testcase name="test_api_codes_payment_required_equals_402" file="/home/redoy/Documents/EnterpriseApp/packages/Redoy/CoreModule/tests/Unit/ResponseHelperTraitTest.php" line="161" class="Redoy\CoreModule\Tests\Unit\ResponseHelperTraitTest" classname="Redoy.CoreModule.Tests.Unit.ResponseHelperTraitTest" assertions="1" time="0.000210"/>
      <testcase name="test_api_codes_method_not_allowed_equals_405" file="/home/redoy/Documents/EnterpriseApp/packages/Redoy/CoreModule/tests/Unit/ResponseHelperTraitTest.php" line="166" class="Redoy\CoreModule\Tests\Unit\ResponseHelperTraitTest" classname="Redoy.CoreModule.Tests.Unit.ResponseHelperTraitTest" assertions="1" time="0.000177"/>
      <testcase name="test_api_codes_conflict_equals_409" file="/home/redoy/Documents/EnterpriseApp/packages/Redoy/CoreModule/tests/Unit/ResponseHelperTraitTest.php" line="171" class="Redoy\CoreModule\Tests\Unit\ResponseHelperTraitTest" classname="Redoy.CoreModule.Tests.Unit.ResponseHelperTraitTest" assertions="1" time="0.000219"/>
      <testcase name="test_api_codes_gone_equals_410" file="/home/redoy/Documents/EnterpriseApp/packages/Redoy/CoreModule/tests/Unit/ResponseHelperTraitTest.php" line="176" class="Redoy\CoreModule\Tests\Unit\ResponseHelperTraitTest" classname="Redoy.CoreModule.Tests.Unit.ResponseHelperTraitTest" assertions="1" time="0.000211"/>
      <testcase name="test_http_status_codes_array_contains_ok" file="/home/redoy/Documents/EnterpriseApp/packages/Redoy/CoreModule/tests/Unit/ResponseHelperTraitTest.php" line="181" class="Redoy\CoreModule\Tests\Unit\ResponseHelperTraitTest" classname="Redoy.CoreModule.Tests.Unit.ResponseHelperTraitTest" assertions="2" time="0.000254"/>
      <testcase name="test_http_status_codes_array_contains_bad_request" file="/home/redoy/Documents/EnterpriseApp/packages/Redoy/CoreModule/tests/Unit/ResponseHelperTraitTest.php" line="187" class="Redoy\CoreModule\Tests\Unit\ResponseHelperTraitTest" classname="Redoy.CoreModule.Tests.Unit.ResponseHelperTraitTest" assertions="2" time="0.000238"/>
      <testcase name="test_http_status_codes_array_contains_not_found" file="/home/redoy/Documents/EnterpriseApp/packages/Redoy/CoreModule/tests/Unit/ResponseHelperTraitTest.php" line="193" class="Redoy\CoreModule\Tests\Unit\ResponseHelperTraitTest" classname="Redoy.CoreModule.Tests.Unit.ResponseHelperTraitTest" assertions="2" time="0.000269"/>
      <testcase name="test_http_status_codes_array_contains_server_error" file="/home/redoy/Documents/EnterpriseApp/packages/Redoy/CoreModule/tests/Unit/ResponseHelperTraitTest.php" line="199" class="Redoy\CoreModule\Tests\Unit\ResponseHelperTraitTest" classname="Redoy.CoreModule.Tests.Unit.ResponseHelperTraitTest" assertions="2" time="0.000203"/>
      <testcase name="test_json_encoding_decoding_preserves_data" file="/home/redoy/Documents/EnterpriseApp/packages/Redoy/CoreModule/tests/Unit/ResponseHelperTraitTest.php" line="205" class="Redoy\CoreModule\Tests\Unit\ResponseHelperTraitTest" classname="Redoy.CoreModule.Tests.Unit.ResponseHelperTraitTest" assertions="1" time="0.000216"/>
      <testcase name="test_json_handles_special_characters" file="/home/redoy/Documents/EnterpriseApp/packages/Redoy/CoreModule/tests/Unit/ResponseHelperTraitTest.php" line="213" class="Redoy\CoreModule\Tests\Unit\ResponseHelperTraitTest" classname="Redoy.CoreModule.Tests.Unit.ResponseHelperTraitTest" assertions="1" time="0.000194"/>
      <testcase name="test_empty_json_object" file="/home/redoy/Documents/EnterpriseApp/packages/Redoy/CoreModule/tests/Unit/ResponseHelperTraitTest.php" line="221" class="Redoy\CoreModule\Tests\Unit\ResponseHelperTraitTest" classname="Redoy.CoreModule.Tests.Unit.ResponseHelperTraitTest" assertions="2" time="0.000473"/>
      <testcase name="test_json_array_of_objects" file="/home/redoy/Documents/EnterpriseApp/packages/Redoy/CoreModule/tests/Unit/ResponseHelperTraitTest.php" line="228" class="Redoy\CoreModule\Tests\Unit\ResponseHelperTraitTest" classname="Redoy.CoreModule.Tests.Unit.ResponseHelperTraitTest" assertions="4" time="0.000215"/>
      <testcase name="test_json_with_mixed_types" file="/home/redoy/Documents/EnterpriseApp/packages/Redoy/CoreModule/tests/Unit/ResponseHelperTraitTest.php" line="237" class="Redoy\CoreModule\Tests\Unit\ResponseHelperTraitTest" classname="Redoy.CoreModule.Tests.Unit.ResponseHelperTraitTest" assertions="3" time="0.000187"/>
    </testsuite>
  </testsuite>
</testsuites>
